[
  {
    "level": "INFO",
    "message": "android.ndkVersion from module build.gradle is [21.0.6113669]"
  },
  {
    "level": "INFO",
    "message": "android.ndkPath from module build.gradle is not set"
  },
  {
    "level": "INFO",
    "message": "ndk.dir in local.properties is not set"
  },
  {
    "level": "INFO",
    "message": "Not considering ANDROID_NDK_HOME because support was removed after deprecation period."
  },
  {
    "level": "INFO",
    "message": "sdkFolder is /Users/SFN/Library/Android/sdk"
  },
  {
    "level": "INFO",
    "message": "Folder /Users/SFN/Library/Android/sdk/ndk/21.0.6113669 does not exist. Ignoring."
  },
  {
    "level": "ERROR",
    "message": "NDK at /Users/SFN/Library/Android/sdk/ndk-bundle did not have a source.properties file"
  },
  {
    "level": "INFO",
    "message": "Folder /Users/SFN/Library/Android/sdk/ndk-bundle does not exist. Ignoring."
  },
  {
    "level": "INFO",
    "message": "No NDK was found. Trying to download it now."
  },
  {
    "level": "INFO",
    "message": "NDK 21.0.6113669 was downloaded to /Users/SFN/Library/Android/sdk/ndk/21.0.6113669. Using that."
  }
]